app/build/intermediates/manifest_merge_blame_file/debug/manifest-merger-blame-debug-report.txt
1<?xml version="1.0" encoding="utf-8"?>
2<manifest xmlns:android="http://schemas.android.com/apk/res/android"
3    package="com.androidbootstrap.bootstrap"
4    android:versionCode="1"
5    android:versionName="1.0" >
6
7    <uses-sdk
8        android:minSdkVersion="19"
8-->src/main/AndroidManifest.xml
9        android:targetSdkVersion="30" />
9-->src/main/AndroidManifest.xml
10
11    <uses-permission android:name="android.permission.CAMERA" />
11-->src/main/AndroidManifest.xml:4:5-64
11-->src/main/AndroidManifest.xml:4:22-62
12    <uses-permission android:name="android.permission.INTERNET" />
12-->src/main/AndroidManifest.xml:5:5-67
12-->src/main/AndroidManifest.xml:5:22-64
13    <!-- specify that the app supports NFC -->
14    <uses-permission android:name="android.permission.NFC" />
14-->src/main/AndroidManifest.xml:7:5-61
14-->src/main/AndroidManifest.xml:7:22-59
15
16    <uses-feature android:name="android.hardware.nfc" />
16-->src/main/AndroidManifest.xml:9:5-56
16-->src/main/AndroidManifest.xml:9:19-54
17
18    <application
18-->src/main/AndroidManifest.xml:11:5-57:19
19        android:allowBackup="true"
19-->src/main/AndroidManifest.xml:12:9-35
20        android:appComponentFactory="androidx.core.app.CoreComponentFactory"
20-->[androidx.core:core:1.3.2] AndroidManifest.xml:24:18-86
21        android:debuggable="true"
22        android:icon="@mipmap/ic_launcher"
22-->src/main/AndroidManifest.xml:13:9-43
23        android:label="@string/app_name"
23-->src/main/AndroidManifest.xml:14:9-41
24        android:roundIcon="@mipmap/ic_launcher_round"
24-->src/main/AndroidManifest.xml:15:9-54
25        android:supportsRtl="true"
25-->src/main/AndroidManifest.xml:16:9-35
26        android:testOnly="true"
27        android:theme="@style/Theme.Bootstrap" >
27-->src/main/AndroidManifest.xml:17:9-47
28        <activity
28-->src/main/AndroidManifest.xml:18:9-27:20
29            android:name="com.androidbootstrap.bootstrap.ui.login.LoginActivity"
29-->src/main/AndroidManifest.xml:19:13-51
30            android:label="@string/app_name"
30-->src/main/AndroidManifest.xml:21:13-45
31            android:theme="@style/Theme.Bootstrap.NoActionBar" >
31-->src/main/AndroidManifest.xml:20:13-63
32            <intent-filter>
32-->src/main/AndroidManifest.xml:22:13-26:29
33                <action android:name="android.intent.action.MAIN" />
33-->src/main/AndroidManifest.xml:23:17-69
33-->src/main/AndroidManifest.xml:23:25-66
34
35                <category android:name="android.intent.category.LAUNCHER" />
35-->src/main/AndroidManifest.xml:25:17-77
35-->src/main/AndroidManifest.xml:25:27-74
36            </intent-filter>
37        </activity>
38        <activity
38-->src/main/AndroidManifest.xml:28:9-32:20
39            android:name="com.androidbootstrap.bootstrap.MainActivity"
39-->src/main/AndroidManifest.xml:29:13-41
40            android:label="@string/app_name"
40-->src/main/AndroidManifest.xml:30:13-45
41            android:theme="@style/Theme.Bootstrap.NoActionBar" >
41-->src/main/AndroidManifest.xml:31:13-63
42        </activity>
43        <activity
43-->src/main/AndroidManifest.xml:33:9-41:20
44            android:name="com.androidbootstrap.bootstrap.SettingActivity"
44-->src/main/AndroidManifest.xml:36:13-44
45            android:label="@string/app_name"
45-->src/main/AndroidManifest.xml:34:13-45
46            android:parentActivityName="com.androidbootstrap.bootstrap.MainActivity"
46-->src/main/AndroidManifest.xml:37:13-55
47            android:theme="@style/Theme.Bootstrap.NoActionBar" >
47-->src/main/AndroidManifest.xml:35:13-63
48            <meta-data
48-->src/main/AndroidManifest.xml:38:13-40:49
49                android:name="android.support.PARENT_ACTIVITY"
49-->src/main/AndroidManifest.xml:39:17-63
50                android:value=".MainActivity" />
50-->src/main/AndroidManifest.xml:40:17-46
51        </activity>
52        <activity android:name="com.androidbootstrap.bootstrap.SenderActivity" >
52-->src/main/AndroidManifest.xml:42:9-47:20
52-->src/main/AndroidManifest.xml:42:19-49
53            <intent-filter>
53-->src/main/AndroidManifest.xml:22:13-26:29
54                <action android:name="android.intent.action.MAIN" />
54-->src/main/AndroidManifest.xml:23:17-69
54-->src/main/AndroidManifest.xml:23:25-66
55
56                <category android:name="android.intent.category.LAUNCHER" />
56-->src/main/AndroidManifest.xml:25:17-77
56-->src/main/AndroidManifest.xml:25:27-74
57            </intent-filter>
58        </activity>
59        <!-- Pour que l'activité puisse recevoir des messages NDEF d'un autre appareil, nous spécifions un filtre d'intention dans le fichier AndroidManifest : -->
60
61        <activity android:name="com.androidbootstrap.bootstrap.ReceiverActivity" >
61-->src/main/AndroidManifest.xml:50:9-56:20
61-->src/main/AndroidManifest.xml:50:19-51
62            <intent-filter>
62-->src/main/AndroidManifest.xml:51:13-55:29
63                <action android:name="android.nfc.action.NDEF_DISCOVERED" />
63-->src/main/AndroidManifest.xml:52:17-76
63-->src/main/AndroidManifest.xml:52:25-74
64
65                <category android:name="android.intent.category.DEFAULT" />
65-->src/main/AndroidManifest.xml:53:17-75
65-->src/main/AndroidManifest.xml:53:27-73
66
67                <data android:mimeType="text/plain" />
67-->src/main/AndroidManifest.xml:54:17-54
67-->src/main/AndroidManifest.xml:54:23-52
68            </intent-filter>
69        </activity>
70    </application>
71
72</manifest>